已创建H:\CCNU-xiaoya-DownLoader-py\dist\数据挖掘
数据挖掘-路径已存在
将其重名为数据挖掘(1)
数据挖掘(1)已存在
将其重名为数据挖掘(2)
已创建H:\CCNU-xiaoya-DownLoader-py\dist\数据挖掘\第一章 概述\第一章 概述
已创建H:\CCNU-xiaoya-DownLoader-py\dist\数据挖掘\第一章 概述\拓展资源\拓展资源
已创建H:\CCNU-xiaoya-DownLoader-py\dist\数据挖掘\第一章 概述\拓展资源\经典文献\经典文献
已创建H:\CCNU-xiaoya-DownLoader-py\dist\数据挖掘\第一章 概述\拓展资源\实战练习\实战练习
已创建H:\CCNU-xiaoya-DownLoader-py\dist\数据挖掘\第一章 概述\学海导航\学海导航
已创建H:\CCNU-xiaoya-DownLoader-py\dist\数据挖掘\第一章 概述\教学课件\教学课件
已创建H:\CCNU-xiaoya-DownLoader-py\dist\数据挖掘\第一章 概述\教学课件\1.1 数据挖掘的背景及意义\1.1 数据挖掘的背景及意义
已下载H:\CCNU-xiaoya-DownLoader-py\dist\数据挖掘\第一章 概述\教学课件\1.1 数据挖掘的背景及意义\1.1 数据挖掘的背景及定义.pdf
已创建H:\CCNU-xiaoya-DownLoader-py\dist\数据挖掘\第一章 概述\教学课件\1.2 机器学习算法分类\1.2 机器学习算法分类
已下载H:\CCNU-xiaoya-DownLoader-py\dist\数据挖掘\第一章 概述\教学课件\1.2 机器学习算法分类\1.2 机器学习算法分类.pdf
已创建H:\CCNU-xiaoya-DownLoader-py\dist\数据挖掘\第一章 概述\教学课件\1.3 常用算法\1.3 常用算法
已下载H:\CCNU-xiaoya-DownLoader-py\dist\数据挖掘\第一章 概述\教学课件\1.3 常用算法\1.3 常用算法.pdf
已创建H:\CCNU-xiaoya-DownLoader-py\dist\数据挖掘\第一章 概述\教学课件\1.4 数据挖掘的应用\1.4 数据挖掘的应用
已下载H:\CCNU-xiaoya-DownLoader-py\dist\数据挖掘\第一章 概述\教学课件\1.4 数据挖掘的应用\1.4 数据挖掘的应用.pdf
已创建H:\CCNU-xiaoya-DownLoader-py\dist\数据挖掘\第一章 概述\教学课件\参考教材\参考教材
已下载H:\CCNU-xiaoya-DownLoader-py\dist\数据挖掘\第一章 概述\教学课件\参考教材\参考教材.pdf
已创建H:\CCNU-xiaoya-DownLoader-py\dist\数据挖掘\第一章 概述\微视频\微视频
已创建H:\CCNU-xiaoya-DownLoader-py\dist\数据挖掘\第一章 概述\答疑解惑\答疑解惑
已创建H:\CCNU-xiaoya-DownLoader-py\dist\数据挖掘\第二章 数据预处理\第二章 数据预处理
已创建H:\CCNU-xiaoya-DownLoader-py\dist\数据挖掘\第二章 数据预处理\拓展资源\拓展资源
已创建H:\CCNU-xiaoya-DownLoader-py\dist\数据挖掘\第二章 数据预处理\拓展资源\经典文献\经典文献
已创建H:\CCNU-xiaoya-DownLoader-py\dist\数据挖掘\第二章 数据预处理\拓展资源\实战练习\实战练习
已创建H:\CCNU-xiaoya-DownLoader-py\dist\数据挖掘\第二章 数据预处理\学海导航\学海导航
已创建H:\CCNU-xiaoya-DownLoader-py\dist\数据挖掘\第二章 数据预处理\教学课件\教学课件
已创建H:\CCNU-xiaoya-DownLoader-py\dist\数据挖掘\第二章 数据预处理\教学课件\2.1 关于数据\2.1 关于数据
已下载H:\CCNU-xiaoya-DownLoader-py\dist\数据挖掘\第二章 数据预处理\教学课件\2.1 关于数据\2.1 关于数据.pdf
已创建H:\CCNU-xiaoya-DownLoader-py\dist\数据挖掘\第二章 数据预处理\教学课件\2.2 为什么要预处理数据\2.2 为什么要预处理数据
已下载H:\CCNU-xiaoya-DownLoader-py\dist\数据挖掘\第二章 数据预处理\教学课件\2.2 为什么要预处理数据\2.2 数据预处理.pdf
已创建H:\CCNU-xiaoya-DownLoader-py\dist\数据挖掘\第二章 数据预处理\教学课件\2.3 描述性数据汇总\2.3 描述性数据汇总
已下载H:\CCNU-xiaoya-DownLoader-py\dist\数据挖掘\第二章 数据预处理\教学课件\2.3 描述性数据汇总\2.3 描述性数据汇总.pdf
已创建H:\CCNU-xiaoya-DownLoader-py\dist\数据挖掘\第二章 数据预处理\教学课件\2.4 数据清理\2.4 数据清理
已下载H:\CCNU-xiaoya-DownLoader-py\dist\数据挖掘\第二章 数据预处理\教学课件\2.4 数据清理\2.4 数据清理.pdf
已创建H:\CCNU-xiaoya-DownLoader-py\dist\数据挖掘\第二章 数据预处理\教学课件\2.5 数据集成和变换\2.5 数据集成和变换
已下载H:\CCNU-xiaoya-DownLoader-py\dist\数据挖掘\第二章 数据预处理\教学课件\2.5 数据集成和变换\2.5 数据集成和变换.pdf
已创建H:\CCNU-xiaoya-DownLoader-py\dist\数据挖掘\第二章 数据预处理\教学课件\2.6 数据规约\2.6 数据规约
已下载H:\CCNU-xiaoya-DownLoader-py\dist\数据挖掘\第二章 数据预处理\教学课件\2.6 数据规约\2.6数据规约.pdf
已创建H:\CCNU-xiaoya-DownLoader-py\dist\数据挖掘\第二章 数据预处理\微视频\微视频
已创建H:\CCNU-xiaoya-DownLoader-py\dist\数据挖掘\第二章 数据预处理\答疑解惑\答疑解惑
已创建H:\CCNU-xiaoya-DownLoader-py\dist\数据挖掘\第三章 决策树\第三章 决策树
已创建H:\CCNU-xiaoya-DownLoader-py\dist\数据挖掘\第三章 决策树\拓展资源\拓展资源
已创建H:\CCNU-xiaoya-DownLoader-py\dist\数据挖掘\第三章 决策树\拓展资源\经典文献\经典文献
已创建H:\CCNU-xiaoya-DownLoader-py\dist\数据挖掘\第三章 决策树\拓展资源\实战练习\实战练习
已创建H:\CCNU-xiaoya-DownLoader-py\dist\数据挖掘\第三章 决策树\学海导航\学海导航
已创建H:\CCNU-xiaoya-DownLoader-py\dist\数据挖掘\第三章 决策树\教学课件\教学课件
已创建H:\CCNU-xiaoya-DownLoader-py\dist\数据挖掘\第三章 决策树\教学课件\3. 决策树学习\3. 决策树学习
已下载H:\CCNU-xiaoya-DownLoader-py\dist\数据挖掘\第三章 决策树\教学课件\3. 决策树学习\3. 决策树学习.pdf
已创建H:\CCNU-xiaoya-DownLoader-py\dist\数据挖掘\第三章 决策树\教学课件\3.1 决策树算法\3.1 决策树算法
已下载H:\CCNU-xiaoya-DownLoader-py\dist\数据挖掘\第三章 决策树\教学课件\3.1 决策树算法\3.1 决策树算法.pdf
已创建H:\CCNU-xiaoya-DownLoader-py\dist\数据挖掘\第三章 决策树\教学课件\3.2 决策树算法的过程和规则\3.2 决策树算法的过程和规则
已下载H:\CCNU-xiaoya-DownLoader-py\dist\数据挖掘\第三章 决策树\教学课件\3.2 决策树算法的过程和规则\3.2 决策树算法的过程和规则.pdf
已创建H:\CCNU-xiaoya-DownLoader-py\dist\数据挖掘\第三章 决策树\教学课件\3.3 决策树小结\3.3 决策树小结
已下载H:\CCNU-xiaoya-DownLoader-py\dist\数据挖掘\第三章 决策树\教学课件\3.3 决策树小结\3.3 决策树小结.pdf
已创建H:\CCNU-xiaoya-DownLoader-py\dist\数据挖掘\第三章 决策树\教学课件\3.4 随机森林\3.4 随机森林
已下载H:\CCNU-xiaoya-DownLoader-py\dist\数据挖掘\第三章 决策树\教学课件\3.4 随机森林\3.4 随机森林.pdf
已创建H:\CCNU-xiaoya-DownLoader-py\dist\数据挖掘\第三章 决策树\微视频\微视频
已创建H:\CCNU-xiaoya-DownLoader-py\dist\数据挖掘\第三章 决策树\答疑解惑\答疑解惑
已创建H:\CCNU-xiaoya-DownLoader-py\dist\数据挖掘\第四章 关联规则\第四章 关联规则
已创建H:\CCNU-xiaoya-DownLoader-py\dist\数据挖掘\第四章 关联规则\拓展资源\拓展资源
已创建H:\CCNU-xiaoya-DownLoader-py\dist\数据挖掘\第四章 关联规则\拓展资源\经典文献\经典文献
已创建H:\CCNU-xiaoya-DownLoader-py\dist\数据挖掘\第四章 关联规则\拓展资源\实战练习\实战练习
已创建H:\CCNU-xiaoya-DownLoader-py\dist\数据挖掘\第四章 关联规则\学海导航\学海导航
已下载H:\CCNU-xiaoya-DownLoader-py\dist\数据挖掘\第四章 关联规则\normalization_data.xls
已创建H:\CCNU-xiaoya-DownLoader-py\dist\数据挖掘\第四章 关联规则\教学课件\教学课件
已创建H:\CCNU-xiaoya-DownLoader-py\dist\数据挖掘\第四章 关联规则\教学课件\4.1 关联规则概述\4.1 关联规则概述
已下载H:\CCNU-xiaoya-DownLoader-py\dist\数据挖掘\第四章 关联规则\教学课件\4.1 关联规则概述\4.1 关联规则概述.pdf
已创建H:\CCNU-xiaoya-DownLoader-py\dist\数据挖掘\第四章 关联规则\教学课件\4.2 关联规则\4.2 关联规则
已下载H:\CCNU-xiaoya-DownLoader-py\dist\数据挖掘\第四章 关联规则\教学课件\4.2 关联规则\4.2 关联规则.pdf
已创建H:\CCNU-xiaoya-DownLoader-py\dist\数据挖掘\第四章 关联规则\教学课件\4.3 关联规则小结\4.3 关联规则小结
已下载H:\CCNU-xiaoya-DownLoader-py\dist\数据挖掘\第四章 关联规则\教学课件\4.3 关联规则小结\4.3 关联规则小结.pdf
已下载H:\CCNU-xiaoya-DownLoader-py\dist\数据挖掘\第四章 关联规则\discretization_data.xls
已创建H:\CCNU-xiaoya-DownLoader-py\dist\数据挖掘\第四章 关联规则\微视频\微视频
已创建H:\CCNU-xiaoya-DownLoader-py\dist\数据挖掘\第四章 关联规则\答疑解惑\答疑解惑
已创建H:\CCNU-xiaoya-DownLoader-py\dist\数据挖掘\第五章 聚类\第五章 聚类
已创建H:\CCNU-xiaoya-DownLoader-py\dist\数据挖掘\第五章 聚类\拓展资源\拓展资源
已创建H:\CCNU-xiaoya-DownLoader-py\dist\数据挖掘\第五章 聚类\拓展资源\经典文献\经典文献
已创建H:\CCNU-xiaoya-DownLoader-py\dist\数据挖掘\第五章 聚类\拓展资源\实战练习\实战练习
已创建H:\CCNU-xiaoya-DownLoader-py\dist\数据挖掘\第五章 聚类\学海导航\学海导航
已创建H:\CCNU-xiaoya-DownLoader-py\dist\数据挖掘\第五章 聚类\教学课件\教学课件
已创建H:\CCNU-xiaoya-DownLoader-py\dist\数据挖掘\第五章 聚类\教学课件\5.1 聚类分析技术\5.1 聚类分析技术
已下载H:\CCNU-xiaoya-DownLoader-py\dist\数据挖掘\第五章 聚类\教学课件\5.1 聚类分析技术\5.1 聚类分析技术.pdf
已创建H:\CCNU-xiaoya-DownLoader-py\dist\数据挖掘\第五章 聚类\教学课件\5.2 k-均值算法思想\5.2 k-均值算法思想
已下载H:\CCNU-xiaoya-DownLoader-py\dist\数据挖掘\第五章 聚类\教学课件\5.2 k-均值算法思想\5.2 k-均值算法思想.pdf
已创建H:\CCNU-xiaoya-DownLoader-py\dist\数据挖掘\第五章 聚类\教学课件\5.3 k-均值算法要点\5.3 k-均值算法要点
已下载H:\CCNU-xiaoya-DownLoader-py\dist\数据挖掘\第五章 聚类\教学课件\5.3 k-均值算法要点\5.3 k-均值算法要点.pdf
已创建H:\CCNU-xiaoya-DownLoader-py\dist\数据挖掘\第五章 聚类\教学课件\5.4 k-中心点算法\5.4 k-中心点算法
已下载H:\CCNU-xiaoya-DownLoader-py\dist\数据挖掘\第五章 聚类\教学课件\5.4 k-中心点算法\5.4 k-中心点算法.pdf
已创建H:\CCNU-xiaoya-DownLoader-py\dist\数据挖掘\第五章 聚类\微视频\微视频
已创建H:\CCNU-xiaoya-DownLoader-py\dist\数据挖掘\第五章 聚类\答疑解惑\答疑解惑
已创建H:\CCNU-xiaoya-DownLoader-py\dist\数据挖掘\第六章 神经网络\第六章 神经网络
已创建H:\CCNU-xiaoya-DownLoader-py\dist\数据挖掘\第六章 神经网络\拓展资源\拓展资源
已创建H:\CCNU-xiaoya-DownLoader-py\dist\数据挖掘\第六章 神经网络\拓展资源\经典文献\经典文献
已创建H:\CCNU-xiaoya-DownLoader-py\dist\数据挖掘\第六章 神经网络\拓展资源\实战练习\实战练习
已创建H:\CCNU-xiaoya-DownLoader-py\dist\数据挖掘\第六章 神经网络\学海导航\学海导航
已创建H:\CCNU-xiaoya-DownLoader-py\dist\数据挖掘\第六章 神经网络\教学课件\教学课件
已创建H:\CCNU-xiaoya-DownLoader-py\dist\数据挖掘\第六章 神经网络\教学课件\6.1 神经网络概述\6.1 神经网络概述
已下载H:\CCNU-xiaoya-DownLoader-py\dist\数据挖掘\第六章 神经网络\教学课件\6.1 神经网络概述\6.1神经网络概述.pdf
已创建H:\CCNU-xiaoya-DownLoader-py\dist\数据挖掘\第六章 神经网络\教学课件\6.2 神经网络基本原理\6.2 神经网络基本原理
已下载H:\CCNU-xiaoya-DownLoader-py\dist\数据挖掘\第六章 神经网络\教学课件\6.2 神经网络基本原理\6.2 神经网络基本原理.pdf
已创建H:\CCNU-xiaoya-DownLoader-py\dist\数据挖掘\第六章 神经网络\教学课件\6.3 BP神经网络\6.3 BP神经网络
已下载H:\CCNU-xiaoya-DownLoader-py\dist\数据挖掘\第六章 神经网络\教学课件\6.3 BP神经网络\6.3 BP神经网络.pdf
已创建H:\CCNU-xiaoya-DownLoader-py\dist\数据挖掘\第六章 神经网络\教学课件\6.4 自组织映射的无指导聚类\6.4 自组织映射的无指导聚类
已下载H:\CCNU-xiaoya-DownLoader-py\dist\数据挖掘\第六章 神经网络\教学课件\6.4 自组织映射的无指导聚类\6.4 自组织映射的无指导聚类.pdf
已创建H:\CCNU-xiaoya-DownLoader-py\dist\数据挖掘\第六章 神经网络\教学课件\6.5 神经网络实现\6.5 神经网络实现
已下载H:\CCNU-xiaoya-DownLoader-py\dist\数据挖掘\第六章 神经网络\教学课件\6.5 神经网络实现\6.5 神经网络实现.pdf
已创建H:\CCNU-xiaoya-DownLoader-py\dist\数据挖掘\第六章 神经网络\教学课件\6.6 神经网络模型的优势和缺点\6.6 神经网络模型的优势和缺点
已下载H:\CCNU-xiaoya-DownLoader-py\dist\数据挖掘\第六章 神经网络\教学课件\6.6 神经网络模型的优势和缺点\6.6 神经网络模型的优势和缺点.pdf
已创建H:\CCNU-xiaoya-DownLoader-py\dist\数据挖掘\第六章 神经网络\微视频\微视频
已创建H:\CCNU-xiaoya-DownLoader-py\dist\数据挖掘\第六章 神经网络\答疑解惑\答疑解惑
